-------------------------------------------------------------------------------
Test set: com.KC.bankingportal.BankingPortalApplicationTests
-------------------------------------------------------------------------------
Tests run: 1, Failures: 0, Errors: 1, Skipped: 0, Time elapsed: 2.089 s <<< FAILURE! - in com.KC.bankingportal.BankingPortalApplicationTests
contextLoads  Time elapsed: 0.003 s  <<< ERROR!
java.lang.IllegalStateException: Failed to load ApplicationContext
Caused by: org.springframework.beans.factory.BeanCreationException: Error creating bean with name 'accountRepository' defined in com.KC.bankingportal.repository.AccountRepository defined in @EnableJpaRepositories declared on JpaRepositoriesRegistrar.EnableJpaRepositoriesConfiguration: Invocation of init method failed; nested exception is java.lang.IllegalArgumentException: Not a managed type: class com.KC.bankingportal.model.Account
Caused by: java.lang.IllegalArgumentException: Not a managed type: class com.KC.bankingportal.model.Account

